<?xml version="1.0" encoding="UTF-8"?>
<!-- Generated by org.testng.reporters.JUnitReportReporter -->
<testsuite hostname="DESKTOP-788PH5V" failures="0" tests="1" name="test01.selenium.Example8" time="13.773" errors="0" timestamp="2024-04-11T18:54:52 IST" skipped="0">
  <testcase classname="test01.selenium.Example8" name="mouseOver" time="13.773"/>
  <system-out/>
</testsuite> <!-- test01.selenium.Example8 -->
