<?xml version="1.0" encoding="UTF-8"?>
<!-- Generated by org.testng.reporters.JUnitReportReporter -->
<testsuite hostname="DESKTOP-788PH5V" failures="0" tests="1" name="test01.selenium.Example10" time="14.965" errors="0" timestamp="2024-04-11T19:38:40 IST" skipped="0">
  <testcase classname="test01.selenium.Example10" name="webTablet" time="14.965"/>
  <system-out/>
</testsuite> <!-- test01.selenium.Example10 -->
