<?xml version="1.0" encoding="UTF-8"?>
<!-- Generated by org.testng.reporters.JUnitReportReporter -->
<testsuite hostname="DESKTOP-788PH5V" failures="0" tests="1" name="test01.selenium.Example11" time="18.240" errors="0" timestamp="2024-04-11T20:05:04 IST" skipped="0">
  <testcase classname="test01.selenium.Example11" name="webTablet" time="18.240"/>
  <system-out/>
</testsuite> <!-- test01.selenium.Example11 -->
