<?xml version="1.0" encoding="UTF-8"?>
<!-- Generated by org.testng.reporters.JUnitReportReporter -->
<testsuite hostname="DESKTOP-788PH5V" failures="0" tests="1" name="test01.selenium.Example13" time="12.541" errors="0" timestamp="2024-04-18T09:40:31 IST" skipped="0">
  <testcase classname="test01.selenium.Example13" name="downloadUpload" time="12.541"/>
  <system-out/>
</testsuite> <!-- test01.selenium.Example13 -->
