<?xml version="1.0" encoding="UTF-8"?>
<!-- Generated by org.testng.reporters.JUnitReportReporter -->
<testsuite hostname="DESKTOP-788PH5V" failures="0" tests="1" name="test01.selenium.Example14" time="10.489" errors="0" timestamp="2024-04-17T18:00:19 IST" skipped="0">
  <testcase classname="test01.selenium.Example14" name="zoomInZoomOutInSelenium" time="10.489"/>
  <system-out/>
</testsuite> <!-- test01.selenium.Example14 -->
