<?xml version="1.0" encoding="UTF-8"?>
<!-- Generated by org.testng.reporters.JUnitReportReporter -->
<testsuite hostname="DESKTOP-788PH5V" failures="0" tests="1" name="test01.selenium.Example1" time="19.572" errors="0" timestamp="2024-04-10T10:16:57 IST" skipped="0">
  <testcase classname="test01.selenium.Example1" name="enterDataInTextField" time="19.572"/>
  <system-out/>
</testsuite> <!-- test01.selenium.Example1 -->
