<?xml version="1.0" encoding="UTF-8"?>
<!-- Generated by org.testng.reporters.JUnitReportReporter -->
<testsuite hostname="DESKTOP-788PH5V" failures="0" tests="1" name="test01.selenium.Expample4" time="13.187" errors="0" timestamp="2024-04-11T17:34:23 IST" skipped="0">
  <testcase classname="test01.selenium.Expample4" name="switBrowser" time="13.187"/>
  <system-out/>
</testsuite> <!-- test01.selenium.Expample4 -->
